0 info it worked if it ends with ok
1 verbose cli [ 'C:\\Program Files\\nodejs\\\\node.exe',
1 verbose cli   'C:\\Program Files\\nodejs\\node_modules\\npm\\bin\\npm-cli.js',
1 verbose cli   'install',
1 verbose cli   '--save',
1 verbose cli   'express.session' ]
2 info using npm@1.4.28
3 info using node@v0.10.35
4 verbose node symlink C:\Program Files\nodejs\\node.exe
5 verbose readDependencies using package.json deps
6 verbose cache add [ 'express.session', null ]
7 verbose cache add name=undefined spec="express.session" args=["express.session",null]
8 verbose parsed url { protocol: null,
8 verbose parsed url   slashes: null,
8 verbose parsed url   auth: null,
8 verbose parsed url   host: null,
8 verbose parsed url   port: null,
8 verbose parsed url   hostname: null,
8 verbose parsed url   hash: null,
8 verbose parsed url   search: null,
8 verbose parsed url   query: null,
8 verbose parsed url   pathname: 'express.session',
8 verbose parsed url   path: 'express.session',
8 verbose parsed url   href: 'express.session' }
9 silly lockFile 9dc84bf6-express-session express.session
10 verbose lock express.session C:\Users\davidjones\AppData\Roaming\npm-cache\9dc84bf6-express-session.lock
11 silly lockFile 9dc84bf6-express-session express.session
12 silly lockFile 9dc84bf6-express-session express.session
13 verbose addNamed [ 'express.session', '' ]
14 verbose addNamed [ null, '*' ]
15 silly lockFile 3c341382-express-session express.session@
16 verbose lock express.session@ C:\Users\davidjones\AppData\Roaming\npm-cache\3c341382-express-session.lock
17 silly addNameRange { name: 'express.session', range: '*', hasData: false }
18 verbose request where is /express.session
19 verbose request registry https://registry.npmjs.org/
20 verbose request id ce576eee63666b35
21 verbose url raw /express.session
22 verbose url resolving [ 'https://registry.npmjs.org/', './express.session' ]
23 verbose url resolved https://registry.npmjs.org/express.session
24 verbose request where is https://registry.npmjs.org/express.session
25 info trying registry request attempt 1 at 12:44:34
26 http GET https://registry.npmjs.org/express.session
27 http 404 https://registry.npmjs.org/express.session
28 verbose headers { date: 'Tue, 21 Apr 2015 11:44:35 GMT',
28 verbose headers   server: 'CouchDB/1.5.0 (Erlang OTP/R16B03)',
28 verbose headers   'content-type': 'application/json',
28 verbose headers   'cache-control': 'max-age=0',
28 verbose headers   'content-length': '51',
28 verbose headers   'accept-ranges': 'bytes',
28 verbose headers   via: '1.1 varnish',
28 verbose headers   age: '0',
28 verbose headers   'x-served-by': 'cache-fra1241-FRA',
28 verbose headers   'x-cache': 'MISS',
28 verbose headers   'x-cache-hits': '0',
28 verbose headers   'x-timer': 'S1429616675.291122,VS0,VE109',
28 verbose headers   'keep-alive': 'timeout=10, max=50',
28 verbose headers   connection: 'Keep-Alive' }
29 silly registry.get cb [ 404,
29 silly registry.get   { date: 'Tue, 21 Apr 2015 11:44:35 GMT',
29 silly registry.get     server: 'CouchDB/1.5.0 (Erlang OTP/R16B03)',
29 silly registry.get     'content-type': 'application/json',
29 silly registry.get     'cache-control': 'max-age=0',
29 silly registry.get     'content-length': '51',
29 silly registry.get     'accept-ranges': 'bytes',
29 silly registry.get     via: '1.1 varnish',
29 silly registry.get     age: '0',
29 silly registry.get     'x-served-by': 'cache-fra1241-FRA',
29 silly registry.get     'x-cache': 'MISS',
29 silly registry.get     'x-cache-hits': '0',
29 silly registry.get     'x-timer': 'S1429616675.291122,VS0,VE109',
29 silly registry.get     'keep-alive': 'timeout=10, max=50',
29 silly registry.get     connection: 'Keep-Alive' } ]
30 silly lockFile 3c341382-express-session express.session@
31 silly lockFile 3c341382-express-session express.session@
32 error 404 404 Not Found: express.session
32 error 404
32 error 404 'express.session' is not in the npm registry.
32 error 404 You should bug the author to publish it
32 error 404 It was specified as a dependency of 'chatApp'
32 error 404
32 error 404 Note that you can also install from a
32 error 404 tarball, folder, or http url, or git url.
33 error System Windows_NT 6.2.9200
34 error command "C:\\Program Files\\nodejs\\\\node.exe" "C:\\Program Files\\nodejs\\node_modules\\npm\\bin\\npm-cli.js" "install" "--save" "express.session"
35 error cwd c:\node\chatApp
36 error node -v v0.10.35
37 error npm -v 1.4.28
38 error code E404
39 verbose exit [ 1, true ]
